<?xml version="1.0" encoding="UTF-8"?>
<testng-results skipped="0" failed="0" ignored="0" total="1" passed="1">
  <reporter-output>
  </reporter-output>
  <suite name="Default suite" duration-ms="20276" started-at="2022-04-13T12:06:33Z" finished-at="2022-04-13T12:06:54Z">
    <groups>
    </groups>
    <test name="Default test" duration-ms="20276" started-at="2022-04-13T12:06:33Z" finished-at="2022-04-13T12:06:54Z">
      <class name="tests.BaseClass">
        <test-method status="PASS" signature="setup()[pri:0, instance:tests.BaseClass@3c87521]" name="setup" is-config="true" duration-ms="8340" started-at="2022-04-13T12:06:33Z" finished-at="2022-04-13T12:06:42Z">
          <reporter-output>
          </reporter-output>
        </test-method> <!-- setup -->
        <test-method status="PASS" signature="scrl()[pri:0, instance:tests.BaseClass@3c87521]" name="scrl" duration-ms="8591" started-at="2022-04-13T12:06:42Z" finished-at="2022-04-13T12:06:50Z">
          <reporter-output>
          </reporter-output>
        </test-method> <!-- scrl -->
        <test-method status="PASS" signature="screenshot()[pri:0, instance:tests.BaseClass@3c87521]" name="screenshot" is-config="true" duration-ms="3316" started-at="2022-04-13T12:06:50Z" finished-at="2022-04-13T12:06:54Z">
          <reporter-output>
          </reporter-output>
        </test-method> <!-- screenshot -->
      </class> <!-- tests.BaseClass -->
    </test> <!-- Default test -->
  </suite> <!-- Default suite -->
</testng-results>
