<?xml version="1.0" encoding="UTF-8"?>
<testng-results skipped="0" failed="0" ignored="0" total="1" passed="1">
  <reporter-output>
  </reporter-output>
  <suite name="Default suite" duration-ms="21609" started-at="2022-04-20T09:13:43Z" finished-at="2022-04-20T09:14:04Z">
    <groups>
    </groups>
    <test name="Default test" duration-ms="21609" started-at="2022-04-20T09:13:43Z" finished-at="2022-04-20T09:14:04Z">
      <class name="tests.BaseClass">
        <test-method status="PASS" signature="startEmulator()[pri:0, instance:tests.BaseClass@17c1bced]" name="startEmulator" is-config="true" duration-ms="5010" started-at="2022-04-20T09:13:35Z" finished-at="2022-04-20T09:13:40Z">
          <reporter-output>
          </reporter-output>
        </test-method> <!-- startEmulator -->
        <test-method status="PASS" signature="startServer()[pri:0, instance:tests.BaseClass@17c1bced]" name="startServer" is-config="true" duration-ms="2935" started-at="2022-04-20T09:13:40Z" finished-at="2022-04-20T09:13:43Z">
          <reporter-output>
          </reporter-output>
        </test-method> <!-- startServer -->
        <test-method status="PASS" signature="setup()[pri:0, instance:tests.BaseClass@17c1bced]" name="setup" is-config="true" duration-ms="8308" started-at="2022-04-20T09:13:43Z" finished-at="2022-04-20T09:13:51Z">
          <reporter-output>
          </reporter-output>
        </test-method> <!-- setup -->
        <test-method status="PASS" signature="scrl()[pri:0, instance:tests.BaseClass@17c1bced]" name="scrl" duration-ms="9986" started-at="2022-04-20T09:13:51Z" finished-at="2022-04-20T09:14:01Z">
          <reporter-output>
          </reporter-output>
        </test-method> <!-- scrl -->
        <test-method status="PASS" signature="screenshot()[pri:0, instance:tests.BaseClass@17c1bced]" name="screenshot" is-config="true" duration-ms="3283" started-at="2022-04-20T09:14:01Z" finished-at="2022-04-20T09:14:04Z">
          <reporter-output>
          </reporter-output>
        </test-method> <!-- screenshot -->
      </class> <!-- tests.BaseClass -->
    </test> <!-- Default test -->
  </suite> <!-- Default suite -->
</testng-results>
